============================= test session starts ==============================
platform linux -- Python 3.9.6, pytest-6.2.4, py-1.10.0, pluggy-0.13.1 -- /home/michael/miniconda3/envs/asdf/bin/python
cachedir: .pytest_cache
hypothesis profile 'default' -> database=DirectoryBasedExampleDatabase('/home/michael/Desktop/asdf/.hypothesis/examples')
rootdir: /home/michael/Desktop/asdf
plugins: cov-2.12.1, hypothesis-6.14.1, mock-3.6.1
collecting ... collected 2 items

asdf/tests/test_end_to_end.py::test_end_to_end_noninteractive[SOL0086_SEQIDzcam03135_RMS92-case0] FAILED [ 50%]
asdf/tests/test_physics.py::TestAddDerivedIlluminationGeometry::test_add_derived_illumination_geometry_1 PASSED [100%]

=================================== FAILURES ===================================
______ test_end_to_end_noninteractive[SOL0086_SEQIDzcam03135_RMS92-case0] ______

case_name = 'SOL0086_SEQIDzcam03135_RMS92'
case = {'checksum_path': PosixPath('/home/michael/Desktop/asdf/asdf/tests/data/checksums/SOL0086_SEQIDzcam03135_RMS92_checksu...': True, 'noninteractive': True}, 'output_path': PosixPath('/home/michael/Desktop/asdf/asdf/tests/data/e2e/0086'), ...}

    @pytest.mark.parametrize("case_name,case", e2e_cases.items())
    def test_end_to_end_noninteractive(case_name, case):
        asdf.cli_endpoint.asdf_hello(
            case["data_path"],
            case["roi_path"],
            output=case["output_path"],
            config=TEST_CASE_WORKING_DIRECTORY,
            **case["endpoint_kwargs"],
        )
        checksums = make_test_checksums(case)
        checksum_df = pd.DataFrame(checksums, columns=["file", "md5"])
        if case["checksum_path"].exists():
>           compare_to_reference_checksums(
                checksum_df, case["checksum_path"], fail_on_mismatch=True
            )

asdf/tests/test_end_to_end.py:38: 
_ _ _ _ _ _ _ _ _ _ _ _ _ _ _ _ _ _ _ _ _ _ _ _ _ _ _ _ _ _ _ _ _ _ _ _ _ _ _ _ 

current_df =                                                  file                               md5
0   /browse/SOL0086_SEQIDzcam0...7141f255
63  /data/pixmaps/SOL0086_SEQIDzcam03135_SITE4_DRI...  3ca1f525dd126c8d89314598b59e5967

[64 rows x 2 columns]
prior_fn = PosixPath('/home/michael/Desktop/asdf/asdf/tests/data/checksums/SOL0086_SEQIDzcam03135_RMS92_checksum.csv')
fail_on_mismatch = True

    def compare_to_reference_checksums(
        current_df, prior_fn, fail_on_mismatch=True
    ):
        prior_checksums = pd.read_csv(prior_fn)
        shared_elements = set(prior_checksums["file"].values).intersection(
            set(current_df["file"].values)
        )
        bad_comparison = False
        if (len(shared_elements) != len(prior_checksums["file"])) or (
            len(shared_elements) != len(current_df["file"])
        ):
            bad_comparison = True
            rich.print("[bold red]missing or changed filenames[/]")
            rich.print("unique to new: ")
            for file in [
                file for file in current_df["file"] if file not in shared_elements
            ]:
                print(file)
            rich.print("unique to old: ")
            for file in [
                file
                for file in prior_checksums["file"]
                if file not in shared_elements
            ]:
                rich.print(f"[italic]{file}")
        shared_slice_new = (
            current_df.loc[current_df["file"].isin(shared_elements)]
            .sort_values(by="file")
            .reset_index(drop=True)
        )
        shared_slice_old = (
            prior_checksums.loc[prior_checksums["file"].isin(shared_elements)]
            .sort_values(by="file")
            .reset_index(drop=True)
        )
        mismatches = shared_slice_new["md5"] != shared_slice_old["md5"]
        if mismatches.any():
            bad_comparison = True
            rich.print("[bold red]changed checksums[/]")
            for file in shared_slice_new.loc[mismatches]["file"]:
                rich.print(f"[italic]{file}")
        if bad_comparison and fail_on_mismatch:
>           raise ValueError(f"mismatches found, failing\n\n{mismatches}")
E           ValueError: mismatches found, failing
E           
E           0     False
E           1     False
E           2     False
E           3     False
E           4     False
E                 ...  
E           59    False
E           60    False
E           61    False
E           62    False
E           63    False
E           Name: md5, Length: 64, dtype: bool

asdf/tests/utilz/test_utilz.py:106: ValueError
----------------------------- Captured stdout call -----------------------------
... 56 files found in search path ...                                           
... 56 / 56 have parsable ZCAM filenames ...                                    
... 56 / 56 matching THUMBNAIL criterion ...                                    
... skimming headers for grouping information ...                               
 ... chunking products into observations ...                                    
                                                                                
                                                                                
found 4 observations (ordered by seq_id / chronologically within seq_ids):      
                                                                                
                                                                                
 1:   ┃ SOL 86, SEQ_ID ZCAM03135, SITE 4, DRIVE 0                               
      ┃ eyes simultaneous, starting LTST 10:33:15                               
━━━━━━╇━━━━━━━━━━━━━━━━━━━━━━━━━━━━━━━━━━━━━━━━━━━━━━━━━━━━━━━━━━━━━━           
 L0   │ ZL0_0086_0674568110_091IOF_N0040000ZCAM03135_1100LUC01.IMG              
 L1   │ ZL1_0086_0674568286_098IOF_N0040000ZCAM03135_1100LUC01.IMG              
 L2   │ ZL2_0086_0674568299_081IOF_N0040000ZCAM03135_1100LUC01.IMG              
 L3   │ ZL3_0086_0674568314_081IOF_N0040000ZCAM03135_1100LUC01.IMG              
 L4   │ ZL4_0086_0674568329_081IOF_N0040000ZCAM03135_1100LUC01.IMG              
 L5   │ ZL5_0086_0674568345_081IOF_N0040000ZCAM03135_1100LUC01.IMG              
 L6   │ ZL6_0086_0674568363_081IOF_N0040000ZCAM03135_1100LUC01.IMG              
 R0   │ ZR0_0086_0674568110_091IOF_N0040000ZCAM03135_1100LUC01.IMG              
 R1   │ ZR1_0086_0674568286_098IOF_N0040000ZCAM03135_1100LUC01.IMG              
 R2   │ ZR2_0086_0674568299_081IOF_N0040000ZCAM03135_1100LUC01.IMG              
 R3   │ ZR3_0086_0674568314_081IOF_N0040000ZCAM03135_1100LUC01.IMG              
 R4   │ ZR4_0086_0674568329_081IOF_N0040000ZCAM03135_1100LUC01.IMG              
 R5   │ ZR5_0086_0674568345_081IOF_N0040000ZCAM03135_1100LUC01.IMG              
 R6   │ ZR6_0086_0674568363_081IOF_N0040000ZCAM03135_1100LUC01.IMG              
                                                                                
                                                                                
 2:   ┃ SOL 86, SEQ_ID ZCAM03136, SITE 4, DRIVE 0                               
      ┃ eyes simultaneous, starting LTST 12:31:12                               
━━━━━━╇━━━━━━━━━━━━━━━━━━━━━━━━━━━━━━━━━━━━━━━━━━━━━━━━━━━━━━━━━━━━━━           
 L0   │ ZL0_0086_0674575422_936IOF_N0040000ZCAM03136_1100LUC02.IMG              
 L1   │ ZL1_0086_0674575551_943IOF_N0040000ZCAM03136_1100LUC02.IMG              
 L2   │ ZL2_0086_0674575564_943IOF_N0040000ZCAM03136_1100LUC02.IMG              
 L3   │ ZL3_0086_0674575579_943IOF_N0040000ZCAM03136_1100LUC02.IMG              
 L4   │ ZL4_0086_0674575594_928IOF_N0040000ZCAM03136_1100LUC02.IMG              
 L5   │ ZL5_0086_0674575610_943IOF_N0040000ZCAM03136_1100LUC02.IMG              
 L6   │ ZL6_0086_0674575628_928IOF_N0040000ZCAM03136_1100LUC02.IMG              
 R0   │ ZR0_0086_0674575422_936IOF_N0040000ZCAM03136_1100LUC02.IMG              
 R1   │ ZR1_0086_0674575551_943IOF_N0040000ZCAM03136_1100LUC02.IMG              
 R2   │ ZR2_0086_0674575564_943IOF_N0040000ZCAM03136_1100LUC02.IMG              
 R3   │ ZR3_0086_0674575579_943IOF_N0040000ZCAM03136_1100LUC02.IMG              
 R4   │ ZR4_0086_0674575594_928IOF_N0040000ZCAM03136_1100LUC02.IMG              
 R5   │ ZR5_0086_0674575610_943IOF_N0040000ZCAM03136_1100LUC02.IMG              
 R6   │ ZR6_0086_0674575628_928IOF_N0040000ZCAM03136_1100LUC02.IMG              
                                                                                
                                                                                
 3:   ┃ SOL 86, SEQ_ID ZCAM03137, SITE 4, DRIVE 0                               
      ┃ eyes simultaneous, starting LTST 12:37:27                               
━━━━━━╇━━━━━━━━━━━━━━━━━━━━━━━━━━━━━━━━━━━━━━━━━━━━━━━━━━━━━━━━━━━━━━           
 L0   │ ZL0_0086_0674575823_432IOF_N0040000ZCAM03137_1100LUC01.IMG              
 L1   │ ZL1_0086_0674575938_428IOF_N0040000ZCAM03137_1100LUC01.IMG              
 L2   │ ZL2_0086_0674575952_428IOF_N0040000ZCAM03137_1100LUC01.IMG              
 L3   │ ZL3_0086_0674575967_428IOF_N0040000ZCAM03137_1100LUC01.IMG              
 L4   │ ZL4_0086_0674575983_428IOF_N0040000ZCAM03137_1100LUC01.IMG              
 L5   │ ZL5_0086_0674575999_428IOF_N0040000ZCAM03137_1100LUC01.IMG              
 L6   │ ZL6_0086_0674576017_428IOF_N0040000ZCAM03137_1100LUC01.IMG              
 R0   │ ZR0_0086_0674575823_432IOF_N0040000ZCAM03137_1100LUC01.IMG              
 R1   │ ZR1_0086_0674575938_428IOF_N0040000ZCAM03137_1100LUC01.IMG              
 R2   │ ZR2_0086_0674575952_428IOF_N0040000ZCAM03137_1100LUC01.IMG              
 R3   │ ZR3_0086_0674575967_428IOF_N0040000ZCAM03137_1100LUC01.IMG              
 R4   │ ZR4_0086_0674575983_428IOF_N0040000ZCAM03137_1100LUC01.IMG              
 R5   │ ZR5_0086_0674575999_428IOF_N0040000ZCAM03137_1100LUC01.IMG              
 R6   │ ZR6_0086_0674576017_428IOF_N0040000ZCAM03137_1100LUC01.IMG              
                                                                                
                                                                                
 4:   ┃ SOL 86, SEQ_ID ZCAM03138, SITE 4, DRIVE 0                               
      ┃ eyes simultaneous, starting LTST 12:39:47                               
━━━━━━╇━━━━━━━━━━━━━━━━━━━━━━━━━━━━━━━━━━━━━━━━━━━━━━━━━━━━━━━━━━━━━━           
 L0   │ ZL0_0086_0674576034_123IOF_N0040000ZCAM03138_1100LUC01.IMG              
 L1   │ ZL1_0086_0674576081_139IOF_N0040000ZCAM03138_1100LUC01.IMG              
 L2   │ ZL2_0086_0674576094_113IOF_N0040000ZCAM03138_1100LUC01.IMG              
 L3   │ ZL3_0086_0674576109_113IOF_N0040000ZCAM03138_1100LUC01.IMG              
 L4   │ ZL4_0086_0674576125_159IOF_N0040000ZCAM03138_1100LUC01.IMG              
 L5   │ ZL5_0086_0674576141_113IOF_N0040000ZCAM03138_1100LUC01.IMG              
 L6   │ ZL6_0086_0674576160_113IOF_N0040000ZCAM03138_1100LUC01.IMG              
 R0   │ ZR0_0086_0674576034_123IOF_N0040000ZCAM03138_1100LUC01.IMG              
 R1   │ ZR1_0086_0674576081_139IOF_N0040000ZCAM03138_1100LUC01.IMG              
 R2   │ ZR2_0086_0674576094_113IOF_N0040000ZCAM03138_1100LUC01.IMG              
 R3   │ ZR3_0086_0674576109_113IOF_N0040000ZCAM03138_1100LUC01.IMG              
 R4   │ ZR4_0086_0674576125_159IOF_N0040000ZCAM03138_1100LUC01.IMG              
 R5   │ ZR5_0086_0674576141_113IOF_N0040000ZCAM03138_1100LUC01.IMG              
 R6   │ ZR6_0086_0674576160_113IOF_N0040000ZCAM03138_1100LUC01.IMG              
                                                                                
                                                                                
noninteractive mode; using #1. If this isn't the one you wanted, please run asdf
again and explicitly pass a file from the observation you want.                 
─────────────────────────────  gathering metadata  ─────────────────────────────
... scraping image file headers ...                                             
... scraping localization information from public waypoints file ...            
NOTE: files will be written to                                                  
/home/michael/Desktop/asdf/asdf/tests/data/e2e/0086                             
───────────────────────────────  loading images  ───────────────────────────────
loaded /home/michael/Desktop/asdf/asdf/tests/data/products/0086/iof/ZL0_0086_067
4568110_091IOF_N0040000ZCAM03135_1100LUC01.IMG                                  
loaded /home/michael/Desktop/asdf/asdf/tests/data/products/0086/iof/ZL1_0086_067
4568286_098IOF_N0040000ZCAM03135_1100LUC01.IMG                                  
loaded /home/michael/Desktop/asdf/asdf/tests/data/products/0086/iof/ZL2_0086_067
4568299_081IOF_N0040000ZCAM03135_1100LUC01.IMG                                  
loaded /home/michael/Desktop/asdf/asdf/tests/data/products/0086/iof/ZL3_0086_067
4568314_081IOF_N0040000ZCAM03135_1100LUC01.IMG                                  
loaded /home/michael/Desktop/asdf/asdf/tests/data/products/0086/iof/ZL4_0086_067
4568329_081IOF_N0040000ZCAM03135_1100LUC01.IMG                                  
loaded /home/michael/Desktop/asdf/asdf/tests/data/products/0086/iof/ZL5_0086_067
4568345_081IOF_N0040000ZCAM03135_1100LUC01.IMG                                  
loaded /home/michael/Desktop/asdf/asdf/tests/data/products/0086/iof/ZL6_0086_067
4568363_081IOF_N0040000ZCAM03135_1100LUC01.IMG                                  
loaded /home/michael/Desktop/asdf/asdf/tests/data/products/0086/iof/ZR0_0086_067
4568110_091IOF_N0040000ZCAM03135_1100LUC01.IMG                                  
loaded /home/michael/Desktop/asdf/asdf/tests/data/products/0086/iof/ZR1_0086_067
4568286_098IOF_N0040000ZCAM03135_1100LUC01.IMG                                  
loaded /home/michael/Desktop/asdf/asdf/tests/data/products/0086/iof/ZR2_0086_067
4568299_081IOF_N0040000ZCAM03135_1100LUC01.IMG                                  
loaded /home/michael/Desktop/asdf/asdf/tests/data/products/0086/iof/ZR3_0086_067
4568314_081IOF_N0040000ZCAM03135_1100LUC01.IMG                                  
loaded /home/michael/Desktop/asdf/asdf/tests/data/products/0086/iof/ZR4_0086_067
4568329_081IOF_N0040000ZCAM03135_1100LUC01.IMG                                  
loaded /home/michael/Desktop/asdf/asdf/tests/data/products/0086/iof/ZR5_0086_067
4568345_081IOF_N0040000ZCAM03135_1100LUC01.IMG                                  
loaded /home/michael/Desktop/asdf/asdf/tests/data/products/0086/iof/ZR6_0086_067
4568363_081IOF_N0040000ZCAM03135_1100LUC01.IMG                                  
... generating image checksums ...                                              
────────────────────────  looking for pixel flag maps  ─────────────────────────
... found matching pixmaps for all images ...                                   
loaded /home/michael/Desktop/asdf/asdf/tests/data/products/0086/pix_map/ZL1_0086
_0674568286_098RAD_N0040000ZCAM03135_1100LUP01.IMG                              
loaded /home/michael/Desktop/asdf/asdf/tests/data/products/0086/pix_map/ZR1_0086
_0674568286_098RAD_N0040000ZCAM03135_1100LUP01.IMG                              
loaded /home/michael/Desktop/asdf/asdf/tests/data/products/0086/pix_map/ZR2_0086
_0674568299_081RAD_N0040000ZCAM03135_1100LUP01.IMG                              
loaded /home/michael/Desktop/asdf/asdf/tests/data/products/0086/pix_map/ZL2_0086
_0674568299_081RAD_N0040000ZCAM03135_1100LUP01.IMG                              
loaded /home/michael/Desktop/asdf/asdf/tests/data/products/0086/pix_map/ZR3_0086
_0674568314_081RAD_N0040000ZCAM03135_1100LUP01.IMG                              
loaded /home/michael/Desktop/asdf/asdf/tests/data/products/0086/pix_map/ZL3_0086
_0674568314_081RAD_N0040000ZCAM03135_1100LUP01.IMG                              
loaded /home/michael/Desktop/asdf/asdf/tests/data/products/0086/pix_map/ZL4_0086
_0674568329_081RAD_N0040000ZCAM03135_1100LUP01.IMG                              
loaded /home/michael/Desktop/asdf/asdf/tests/data/products/0086/pix_map/ZR4_0086
_0674568329_081RAD_N0040000ZCAM03135_1100LUP01.IMG                              
loaded /home/michael/Desktop/asdf/asdf/tests/data/products/0086/pix_map/ZR5_0086
_0674568345_081RAD_N0040000ZCAM03135_1100LUP01.IMG                              
loaded /home/michael/Desktop/asdf/asdf/tests/data/products/0086/pix_map/ZL5_0086
_0674568345_081RAD_N0040000ZCAM03135_1100LUP01.IMG                              
loaded /home/michael/Desktop/asdf/asdf/tests/data/products/0086/pix_map/ZL6_0086
_0674568363_081RAD_N0040000ZCAM03135_1100LUP01.IMG                              
loaded /home/michael/Desktop/asdf/asdf/tests/data/products/0086/pix_map/ZR6_0086
_0674568363_081RAD_N0040000ZCAM03135_1100LUP01.IMG                              
loaded /home/michael/Desktop/asdf/asdf/tests/data/products/0086/pix_map/ZL0_0086
_0674568110_091RAD_N0040000ZCAM03135_1100LUP01.IMG                              
loaded /home/michael/Desktop/asdf/asdf/tests/data/products/0086/pix_map/ZR0_0086
_0674568110_091RAD_N0040000ZCAM03135_1100LUP01.IMG                              
─────────────────────────────  gathering ROI data  ─────────────────────────────
loaded marslab ROI FITS file                                                    
wrote /home/michael/Desktop/asdf/asdf/tests/data/e2e/0086/data/SOL0086_SEQIDzcam
03135_SITE4_DRIVE0_RMS92_ZOOM110-roi.fits.gz                                    
... counting ROIs ...                                                           
... counting ROIs on pixel flag maps ...                                        
note: cyan ROI has nonlinear pixels (not masked from counting):                 
L0: 3; R4: 1; R0: 7                                                             
note: cyan ROI has saturated pixels (masked from counting):                     
R5: 1; R6: 1                                                                    
note: orange ROI has nonlinear pixels (not masked from counting):               
L3: 1; L4: 1; L0: 147; R1: 53; R0: 155                                          
note: purple ROI has nonlinear pixels (not masked from counting):               
L6: 7                                                                           
note: red ROI has nonlinear pixels (not masked from counting):                  
R0: 2                                                                           
─────────────────────────────  writing data files  ─────────────────────────────
wrote extended-format marslab file: /home/michael/Desktop/asdf/asdf/tests/data/e
2e/0086/data/SOL0086_SEQIDzcam03135_SITE4_DRIVE0_RMS92_ZOOM110-marslab-extended.
csv                                                                             
wrote compact-format marslab file: /home/michael/Desktop/asdf/asdf/tests/data/e2
e/0086/data/SOL0086_SEQIDzcam03135_SITE4_DRIVE0_RMS92_ZOOM110-marslab.csv       
───────────────────────────  generating rapidlooks  ────────────────────────────
generated band_depth L6_L5_L4                                                   
generated band_depth R1_R3_R5                                                   
generated enhanced color L2_L5_L6                                               
generated natural color L0R_L0G_L0B                                             
generated dcs R0R_R0G_R0B                                                       
generated band_depth L6_L5_L4 accent                                            
generated band_depth R1_R3_R5 accent                                            
generated band_depth L6_L5_L4 rb accent                                         
generated band_depth R1_R3_R5 rb accent                                         
generated band_depth L6_L5_L4 heatmap                                           
generated band_depth R1_R3_R5 heatmap                                           
generated invariant dcs L2_L5_L6                                                
generated band_depth L6_L5_L4 viridis                                           
generated band_depth R1_R3_R5 viridis                                           
generated band_depth R1_R2_R4                                                   
generated slope R5_R6                                                           
generated enhanced color L0R_L0G_L0B                                            
generated natural color R0R_R0G_R0B                                             
generated dcs L0R_L0G_L0B                                                       
generated band_depth R1_R2_R4 accent                                            
generated slope R5_R6 accent                                                    
generated band_depth R1_R2_R4 rb accent                                         
generated slope R5_R6 rb accent                                                 
generated band_depth R1_R2_R4 heatmap                                           
generated slope R5_R6 heatmap                                                   
generated invariant dcs R0R_R0G_R0B                                             
generated band_depth R1_R2_R4 viridis                                           
generated slope R5_R6 viridis                                                   
generated band_depth L4_L3_L2                                                   
generated slope R1_R6                                                           
generated enhanced color R0R_R0G_R0B                                            
generated dcs L2_L5_L6                                                          
generated dcs R6_R3_R1                                                          
generated band_depth L4_L3_L2 accent                                            
generated slope R1_R6 accent                                                    
generated band_depth L4_L3_L2 rb accent                                         
generated slope R1_R6 rb accent                                                 
generated band_depth L4_L3_L2 heatmap                                           
generated slope R1_R6 heatmap                                                   
generated invariant dcs L0R_L0G_L0B                                             
generated band_depth L4_L3_L2 viridis                                           
generated slope R1_R6 viridis                                                   
─────────────────────────────  saving rapidlooks  ──────────────────────────────
wrote SOL0086_SEQIDzcam03135_SITE4_DRIVE0_RMS92_ZOOM110 band_depth L5 shoulders 
L6 L4.png                                                                       
wrote SOL0086_SEQIDzcam03135_SITE4_DRIVE0_RMS92_ZOOM110 band_depth R3 shoulders 
R1 R5.png                                                                       
wrote SOL0086_SEQIDzcam03135_SITE4_DRIVE0_RMS92_ZOOM110 enhanced color          
L2_L5_L6.png                                                                    
wrote SOL0086_SEQIDzcam03135_SITE4_DRIVE0_RMS92_ZOOM110 natural color           
L0R_L0G_L0B.png                                                                 
wrote SOL0086_SEQIDzcam03135_SITE4_DRIVE0_RMS92_ZOOM110 dcs R0R_R0G_R0B.png     
wrote SOL0086_SEQIDzcam03135_SITE4_DRIVE0_RMS92_ZOOM110 band_depth L5 shoulders 
L6 L4 accent.png                                                                
wrote SOL0086_SEQIDzcam03135_SITE4_DRIVE0_RMS92_ZOOM110 band_depth R3 shoulders 
R1 R5 accent.png                                                                
wrote SOL0086_SEQIDzcam03135_SITE4_DRIVE0_RMS92_ZOOM110 band_depth L5 shoulders 
L6 L4 rb accent.png                                                             
wrote SOL0086_SEQIDzcam03135_SITE4_DRIVE0_RMS92_ZOOM110 band_depth R3 shoulders 
R1 R5 rb accent.png                                                             
wrote SOL0086_SEQIDzcam03135_SITE4_DRIVE0_RMS92_ZOOM110 band_depth L5 shoulders 
L6 L4 heatmap.png                                                               
wrote SOL0086_SEQIDzcam03135_SITE4_DRIVE0_RMS92_ZOOM110 band_depth R3 shoulders 
R1 R5 heatmap.png                                                               
wrote SOL0086_SEQIDzcam03135_SITE4_DRIVE0_RMS92_ZOOM110 invariant dcs           
L2_L5_L6.png                                                                    
wrote SOL0086_SEQIDzcam03135_SITE4_DRIVE0_RMS92_ZOOM110 band_depth L5 shoulders 
L6 L4 viridis.png                                                               
wrote SOL0086_SEQIDzcam03135_SITE4_DRIVE0_RMS92_ZOOM110 band_depth R3 shoulders 
R1 R5 viridis.png                                                               
wrote SOL0086_SEQIDzcam03135_SITE4_DRIVE0_RMS92_ZOOM110 band_depth R2 shoulders 
R1 R4.png                                                                       
wrote SOL0086_SEQIDzcam03135_SITE4_DRIVE0_RMS92_ZOOM110 slope R5_R6.png         
wrote SOL0086_SEQIDzcam03135_SITE4_DRIVE0_RMS92_ZOOM110 enhanced color          
L0R_L0G_L0B.png                                                                 
wrote SOL0086_SEQIDzcam03135_SITE4_DRIVE0_RMS92_ZOOM110 natural color           
R0R_R0G_R0B.png                                                                 
wrote SOL0086_SEQIDzcam03135_SITE4_DRIVE0_RMS92_ZOOM110 dcs L0R_L0G_L0B.png     
wrote SOL0086_SEQIDzcam03135_SITE4_DRIVE0_RMS92_ZOOM110 band_depth R2 shoulders 
R1 R4 accent.png                                                                
wrote SOL0086_SEQIDzcam03135_SITE4_DRIVE0_RMS92_ZOOM110 slope R5_R6 accent.png  
wrote SOL0086_SEQIDzcam03135_SITE4_DRIVE0_RMS92_ZOOM110 band_depth R2 shoulders 
R1 R4 rb accent.png                                                             
wrote SOL0086_SEQIDzcam03135_SITE4_DRIVE0_RMS92_ZOOM110 slope R5_R6 rb          
accent.png                                                                      
wrote SOL0086_SEQIDzcam03135_SITE4_DRIVE0_RMS92_ZOOM110 band_depth R2 shoulders 
R1 R4 heatmap.png                                                               
wrote SOL0086_SEQIDzcam03135_SITE4_DRIVE0_RMS92_ZOOM110 slope R5_R6 heatmap.png 
wrote SOL0086_SEQIDzcam03135_SITE4_DRIVE0_RMS92_ZOOM110 invariant dcs           
R0R_R0G_R0B.png                                                                 
wrote SOL0086_SEQIDzcam03135_SITE4_DRIVE0_RMS92_ZOOM110 band_depth R2 shoulders 
R1 R4 viridis.png                                                               
wrote SOL0086_SEQIDzcam03135_SITE4_DRIVE0_RMS92_ZOOM110 slope R5_R6 viridis.png 
wrote SOL0086_SEQIDzcam03135_SITE4_DRIVE0_RMS92_ZOOM110 band_depth L3 shoulders 
L4 L2.png                                                                       
wrote SOL0086_SEQIDzcam03135_SITE4_DRIVE0_RMS92_ZOOM110 slope R1_R6.png         
wrote SOL0086_SEQIDzcam03135_SITE4_DRIVE0_RMS92_ZOOM110 enhanced color          
R0R_R0G_R0B.png                                                                 
wrote SOL0086_SEQIDzcam03135_SITE4_DRIVE0_RMS92_ZOOM110 dcs L2_L5_L6.png        
wrote SOL0086_SEQIDzcam03135_SITE4_DRIVE0_RMS92_ZOOM110 dcs R6_R3_R1.png        
wrote SOL0086_SEQIDzcam03135_SITE4_DRIVE0_RMS92_ZOOM110 band_depth L3 shoulders 
L4 L2 accent.png                                                                
wrote SOL0086_SEQIDzcam03135_SITE4_DRIVE0_RMS92_ZOOM110 slope R1_R6 accent.png  
wrote SOL0086_SEQIDzcam03135_SITE4_DRIVE0_RMS92_ZOOM110 band_depth L3 shoulders 
L4 L2 rb accent.png                                                             
wrote SOL0086_SEQIDzcam03135_SITE4_DRIVE0_RMS92_ZOOM110 slope R1_R6 rb          
accent.png                                                                      
wrote SOL0086_SEQIDzcam03135_SITE4_DRIVE0_RMS92_ZOOM110 band_depth L3 shoulders 
L4 L2 heatmap.png                                                               
wrote SOL0086_SEQIDzcam03135_SITE4_DRIVE0_RMS92_ZOOM110 slope R1_R6 heatmap.png 
wrote SOL0086_SEQIDzcam03135_SITE4_DRIVE0_RMS92_ZOOM110 invariant dcs           
L0R_L0G_L0B.png                                                                 
wrote SOL0086_SEQIDzcam03135_SITE4_DRIVE0_RMS92_ZOOM110 band_depth L3 shoulders 
L4 L2 viridis.png                                                               
wrote SOL0086_SEQIDzcam03135_SITE4_DRIVE0_RMS92_ZOOM110 slope R1_R6 viridis.png 
───────────────────────────  making context images  ────────────────────────────
... making ROI context images ...                                               
generated context image left                                                    
generated context image right                                                   
... making pixmap context images ...                                            
generated context pixmap L1                                                     
generated context pixmap L2                                                     
generated context pixmap L3                                                     
generated context pixmap L4                                                     
generated context pixmap L5                                                     
generated context pixmap L6                                                     
generated context pixmap L0                                                     
generated context pixmap left                                                   
generated context pixmap R1                                                     
generated context pixmap R2                                                     
generated context pixmap R3                                                     
generated context pixmap R4                                                     
generated context pixmap R5                                                     
generated context pixmap R6                                                     
generated context pixmap R0                                                     
generated context pixmap right                                                  
wrote SOL0086_SEQIDzcam03135_SITE4_DRIVE0_RMS92_ZOOM110 context image left.png  
wrote SOL0086_SEQIDzcam03135_SITE4_DRIVE0_RMS92_ZOOM110 context image right.png 
wrote SOL0086_SEQIDzcam03135_SITE4_DRIVE0_RMS92_ZOOM110 pixmap context image    
L1.png                                                                          
wrote SOL0086_SEQIDzcam03135_SITE4_DRIVE0_RMS92_ZOOM110 pixmap context image    
L2.png                                                                          
wrote SOL0086_SEQIDzcam03135_SITE4_DRIVE0_RMS92_ZOOM110 pixmap context image    
L3.png                                                                          
wrote SOL0086_SEQIDzcam03135_SITE4_DRIVE0_RMS92_ZOOM110 pixmap context image    
L4.png                                                                          
wrote SOL0086_SEQIDzcam03135_SITE4_DRIVE0_RMS92_ZOOM110 pixmap context image    
L5.png                                                                          
wrote SOL0086_SEQIDzcam03135_SITE4_DRIVE0_RMS92_ZOOM110 pixmap context image    
L6.png                                                                          
wrote SOL0086_SEQIDzcam03135_SITE4_DRIVE0_RMS92_ZOOM110 pixmap context image    
L0.png                                                                          
wrote SOL0086_SEQIDzcam03135_SITE4_DRIVE0_RMS92_ZOOM110 pixmap context image    
left.png                                                                        
wrote SOL0086_SEQIDzcam03135_SITE4_DRIVE0_RMS92_ZOOM110 pixmap context image    
R1.png                                                                          
wrote SOL0086_SEQIDzcam03135_SITE4_DRIVE0_RMS92_ZOOM110 pixmap context image    
R2.png                                                                          
wrote SOL0086_SEQIDzcam03135_SITE4_DRIVE0_RMS92_ZOOM110 pixmap context image    
R3.png                                                                          
wrote SOL0086_SEQIDzcam03135_SITE4_DRIVE0_RMS92_ZOOM110 pixmap context image    
R4.png                                                                          
wrote SOL0086_SEQIDzcam03135_SITE4_DRIVE0_RMS92_ZOOM110 pixmap context image    
R5.png                                                                          
wrote SOL0086_SEQIDzcam03135_SITE4_DRIVE0_RMS92_ZOOM110 pixmap context image    
R6.png                                                                          
wrote SOL0086_SEQIDzcam03135_SITE4_DRIVE0_RMS92_ZOOM110 pixmap context image    
R0.png                                                                          
wrote SOL0086_SEQIDzcam03135_SITE4_DRIVE0_RMS92_ZOOM110 pixmap context image    
right.png                                                                       
                                                                                
                                                                                
────────────────────────────  pretty-plotting data  ────────────────────────────
wrote SOL0086_SEQIDzcam03135_SITE4_DRIVE0_RMS92_ZOOM110-pretty-plot.png         
                                                                                
⭐ ... all done ... ⭐                                                          
changed checksums
/data/SOL0086_SEQIDzcam03135_SITE4_DRIVE0_RMS92_ZOOM110-marslab-extended.csv
------------------------------ Captured log call -------------------------------
INFO     asdf.console:scan.py:120 ... 56 files found in search path ...
INFO     asdf.console:scan.py:137 ... 56 / 56 have parsable ZCAM filenames ...
INFO     asdf.console:scan.py:78 ... 56 / 56 matching THUMBNAIL criterion ...
INFO     asdf.console:scan.py:84 ... skimming headers for grouping information ...
INFO     marslab.imgops.bandset:bandset.py:136 loaded /home/michael/Desktop/asdf/asdf/tests/data/products/0086/iof/ZL0_0086_0674568110_091IOF_N0040000ZCAM03135_1100LUC01.IMG
INFO     marslab.imgops.bandset:bandset.py:136 loaded /home/michael/Desktop/asdf/asdf/tests/data/products/0086/iof/ZL1_0086_0674568286_098IOF_N0040000ZCAM03135_1100LUC01.IMG
INFO     marslab.imgops.bandset:bandset.py:136 loaded /home/michael/Desktop/asdf/asdf/tests/data/products/0086/iof/ZL2_0086_0674568299_081IOF_N0040000ZCAM03135_1100LUC01.IMG
INFO     marslab.imgops.bandset:bandset.py:136 loaded /home/michael/Desktop/asdf/asdf/tests/data/products/0086/iof/ZL3_0086_0674568314_081IOF_N0040000ZCAM03135_1100LUC01.IMG
INFO     marslab.imgops.bandset:bandset.py:136 loaded /home/michael/Desktop/asdf/asdf/tests/data/products/0086/iof/ZL4_0086_0674568329_081IOF_N0040000ZCAM03135_1100LUC01.IMG
INFO     marslab.imgops.bandset:bandset.py:136 loaded /home/michael/Desktop/asdf/asdf/tests/data/products/0086/iof/ZL5_0086_0674568345_081IOF_N0040000ZCAM03135_1100LUC01.IMG
INFO     marslab.imgops.bandset:bandset.py:136 loaded /home/michael/Desktop/asdf/asdf/tests/data/products/0086/iof/ZL6_0086_0674568363_081IOF_N0040000ZCAM03135_1100LUC01.IMG
INFO     marslab.imgops.bandset:bandset.py:136 loaded /home/michael/Desktop/asdf/asdf/tests/data/products/0086/iof/ZR0_0086_0674568110_091IOF_N0040000ZCAM03135_1100LUC01.IMG
INFO     marslab.imgops.bandset:bandset.py:136 loaded /home/michael/Desktop/asdf/asdf/tests/data/products/0086/iof/ZR1_0086_0674568286_098IOF_N0040000ZCAM03135_1100LUC01.IMG
INFO     marslab.imgops.bandset:bandset.py:136 loaded /home/michael/Desktop/asdf/asdf/tests/data/products/0086/iof/ZR2_0086_0674568299_081IOF_N0040000ZCAM03135_1100LUC01.IMG
INFO     marslab.imgops.bandset:bandset.py:136 loaded /home/michael/Desktop/asdf/asdf/tests/data/products/0086/iof/ZR3_0086_0674568314_081IOF_N0040000ZCAM03135_1100LUC01.IMG
INFO     marslab.imgops.bandset:bandset.py:136 loaded /home/michael/Desktop/asdf/asdf/tests/data/products/0086/iof/ZR4_0086_0674568329_081IOF_N0040000ZCAM03135_1100LUC01.IMG
INFO     marslab.imgops.bandset:bandset.py:136 loaded /home/michael/Desktop/asdf/asdf/tests/data/products/0086/iof/ZR5_0086_0674568345_081IOF_N0040000ZCAM03135_1100LUC01.IMG
INFO     marslab.imgops.bandset:bandset.py:136 loaded /home/michael/Desktop/asdf/asdf/tests/data/products/0086/iof/ZR6_0086_0674568363_081IOF_N0040000ZCAM03135_1100LUC01.IMG
INFO     marslab.imgops.bandset:bandset.py:324 generated band_depth L6_L5_L4
INFO     marslab.imgops.bandset:bandset.py:324 generated band_depth R1_R3_R5
INFO     marslab.imgops.bandset:bandset.py:324 generated enhanced color L2_L5_L6
INFO     marslab.imgops.bandset:bandset.py:324 generated natural color L0R_L0G_L0B
INFO     marslab.imgops.bandset:bandset.py:324 generated dcs R0R_R0G_R0B
INFO     marslab.imgops.bandset:bandset.py:324 generated band_depth L6_L5_L4 accent
INFO     marslab.imgops.bandset:bandset.py:324 generated band_depth R1_R3_R5 accent
INFO     marslab.imgops.bandset:bandset.py:324 generated band_depth L6_L5_L4 rb accent
INFO     marslab.imgops.bandset:bandset.py:324 generated band_depth R1_R3_R5 rb accent
INFO     marslab.imgops.bandset:bandset.py:324 generated band_depth L6_L5_L4 heatmap
INFO     marslab.imgops.bandset:bandset.py:324 generated band_depth R1_R3_R5 heatmap
INFO     marslab.imgops.bandset:bandset.py:324 generated invariant dcs L2_L5_L6
INFO     marslab.imgops.bandset:bandset.py:324 generated band_depth L6_L5_L4 viridis
INFO     marslab.imgops.bandset:bandset.py:324 generated band_depth R1_R3_R5 viridis
INFO     marslab.imgops.bandset:bandset.py:324 generated band_depth R1_R2_R4
INFO     marslab.imgops.bandset:bandset.py:324 generated slope R5_R6
INFO     marslab.imgops.bandset:bandset.py:324 generated enhanced color L0R_L0G_L0B
INFO     marslab.imgops.bandset:bandset.py:324 generated natural color R0R_R0G_R0B
INFO     marslab.imgops.bandset:bandset.py:324 generated dcs L0R_L0G_L0B
INFO     marslab.imgops.bandset:bandset.py:324 generated band_depth R1_R2_R4 accent
INFO     marslab.imgops.bandset:bandset.py:324 generated slope R5_R6 accent
INFO     marslab.imgops.bandset:bandset.py:324 generated band_depth R1_R2_R4 rb accent
INFO     marslab.imgops.bandset:bandset.py:324 generated slope R5_R6 rb accent
INFO     marslab.imgops.bandset:bandset.py:324 generated band_depth R1_R2_R4 heatmap
INFO     marslab.imgops.bandset:bandset.py:324 generated slope R5_R6 heatmap
INFO     marslab.imgops.bandset:bandset.py:324 generated invariant dcs R0R_R0G_R0B
INFO     marslab.imgops.bandset:bandset.py:324 generated band_depth R1_R2_R4 viridis
INFO     marslab.imgops.bandset:bandset.py:324 generated slope R5_R6 viridis
INFO     marslab.imgops.bandset:bandset.py:324 generated band_depth L4_L3_L2
INFO     marslab.imgops.bandset:bandset.py:324 generated slope R1_R6
INFO     marslab.imgops.bandset:bandset.py:324 generated enhanced color R0R_R0G_R0B
INFO     marslab.imgops.bandset:bandset.py:324 generated dcs L2_L5_L6
INFO     marslab.imgops.bandset:bandset.py:324 generated dcs R6_R3_R1
INFO     marslab.imgops.bandset:bandset.py:324 generated band_depth L4_L3_L2 accent
INFO     marslab.imgops.bandset:bandset.py:324 generated slope R1_R6 accent
INFO     marslab.imgops.bandset:bandset.py:324 generated band_depth L4_L3_L2 rb accent
INFO     marslab.imgops.bandset:bandset.py:324 generated slope R1_R6 rb accent
INFO     marslab.imgops.bandset:bandset.py:324 generated band_depth L4_L3_L2 heatmap
INFO     marslab.imgops.bandset:bandset.py:324 generated slope R1_R6 heatmap
INFO     marslab.imgops.bandset:bandset.py:324 generated invariant dcs L0R_L0G_L0B
INFO     marslab.imgops.bandset:bandset.py:324 generated band_depth L4_L3_L2 viridis
INFO     marslab.imgops.bandset:bandset.py:324 generated slope R1_R6 viridis
INFO     asdf.console:chatter.py:502 wrote SOL0086_SEQIDzcam03135_SITE4_DRIVE0_RMS92_ZOOM110 band_depth L5 shoulders L6 L4.png
INFO     asdf.console:chatter.py:502 wrote SOL0086_SEQIDzcam03135_SITE4_DRIVE0_RMS92_ZOOM110 band_depth R3 shoulders R1 R5.png
INFO     asdf.console:chatter.py:502 wrote SOL0086_SEQIDzcam03135_SITE4_DRIVE0_RMS92_ZOOM110 enhanced color L2_L5_L6.png
INFO     asdf.console:chatter.py:502 wrote SOL0086_SEQIDzcam03135_SITE4_DRIVE0_RMS92_ZOOM110 natural color L0R_L0G_L0B.png
INFO     asdf.console:chatter.py:502 wrote SOL0086_SEQIDzcam03135_SITE4_DRIVE0_RMS92_ZOOM110 dcs R0R_R0G_R0B.png
INFO     asdf.console:chatter.py:502 wrote SOL0086_SEQIDzcam03135_SITE4_DRIVE0_RMS92_ZOOM110 band_depth L5 shoulders L6 L4 accent.png
INFO     asdf.console:chatter.py:502 wrote SOL0086_SEQIDzcam03135_SITE4_DRIVE0_RMS92_ZOOM110 band_depth R3 shoulders R1 R5 accent.png
INFO     asdf.console:chatter.py:502 wrote SOL0086_SEQIDzcam03135_SITE4_DRIVE0_RMS92_ZOOM110 band_depth L5 shoulders L6 L4 rb accent.png
INFO     asdf.console:chatter.py:502 wrote SOL0086_SEQIDzcam03135_SITE4_DRIVE0_RMS92_ZOOM110 band_depth R3 shoulders R1 R5 rb accent.png
INFO     asdf.console:chatter.py:502 wrote SOL0086_SEQIDzcam03135_SITE4_DRIVE0_RMS92_ZOOM110 band_depth L5 shoulders L6 L4 heatmap.png
INFO     asdf.console:chatter.py:502 wrote SOL0086_SEQIDzcam03135_SITE4_DRIVE0_RMS92_ZOOM110 band_depth R3 shoulders R1 R5 heatmap.png
INFO     asdf.console:chatter.py:502 wrote SOL0086_SEQIDzcam03135_SITE4_DRIVE0_RMS92_ZOOM110 invariant dcs L2_L5_L6.png
INFO     asdf.console:chatter.py:502 wrote SOL0086_SEQIDzcam03135_SITE4_DRIVE0_RMS92_ZOOM110 band_depth L5 shoulders L6 L4 viridis.png
INFO     asdf.console:chatter.py:502 wrote SOL0086_SEQIDzcam03135_SITE4_DRIVE0_RMS92_ZOOM110 band_depth R3 shoulders R1 R5 viridis.png
INFO     asdf.console:chatter.py:502 wrote SOL0086_SEQIDzcam03135_SITE4_DRIVE0_RMS92_ZOOM110 band_depth R2 shoulders R1 R4.png
INFO     asdf.console:chatter.py:502 wrote SOL0086_SEQIDzcam03135_SITE4_DRIVE0_RMS92_ZOOM110 slope R5_R6.png
INFO     asdf.console:chatter.py:502 wrote SOL0086_SEQIDzcam03135_SITE4_DRIVE0_RMS92_ZOOM110 enhanced color L0R_L0G_L0B.png
INFO     asdf.console:chatter.py:502 wrote SOL0086_SEQIDzcam03135_SITE4_DRIVE0_RMS92_ZOOM110 natural color R0R_R0G_R0B.png
INFO     asdf.console:chatter.py:502 wrote SOL0086_SEQIDzcam03135_SITE4_DRIVE0_RMS92_ZOOM110 dcs L0R_L0G_L0B.png
INFO     asdf.console:chatter.py:502 wrote SOL0086_SEQIDzcam03135_SITE4_DRIVE0_RMS92_ZOOM110 band_depth R2 shoulders R1 R4 accent.png
INFO     asdf.console:chatter.py:502 wrote SOL0086_SEQIDzcam03135_SITE4_DRIVE0_RMS92_ZOOM110 slope R5_R6 accent.png
INFO     asdf.console:chatter.py:502 wrote SOL0086_SEQIDzcam03135_SITE4_DRIVE0_RMS92_ZOOM110 band_depth R2 shoulders R1 R4 rb accent.png
INFO     asdf.console:chatter.py:502 wrote SOL0086_SEQIDzcam03135_SITE4_DRIVE0_RMS92_ZOOM110 slope R5_R6 rb accent.png
INFO     asdf.console:chatter.py:502 wrote SOL0086_SEQIDzcam03135_SITE4_DRIVE0_RMS92_ZOOM110 band_depth R2 shoulders R1 R4 heatmap.png
INFO     asdf.console:chatter.py:502 wrote SOL0086_SEQIDzcam03135_SITE4_DRIVE0_RMS92_ZOOM110 slope R5_R6 heatmap.png
INFO     asdf.console:chatter.py:502 wrote SOL0086_SEQIDzcam03135_SITE4_DRIVE0_RMS92_ZOOM110 invariant dcs R0R_R0G_R0B.png
INFO     asdf.console:chatter.py:502 wrote SOL0086_SEQIDzcam03135_SITE4_DRIVE0_RMS92_ZOOM110 band_depth R2 shoulders R1 R4 viridis.png
INFO     asdf.console:chatter.py:502 wrote SOL0086_SEQIDzcam03135_SITE4_DRIVE0_RMS92_ZOOM110 slope R5_R6 viridis.png
INFO     asdf.console:chatter.py:502 wrote SOL0086_SEQIDzcam03135_SITE4_DRIVE0_RMS92_ZOOM110 band_depth L3 shoulders L4 L2.png
INFO     asdf.console:chatter.py:502 wrote SOL0086_SEQIDzcam03135_SITE4_DRIVE0_RMS92_ZOOM110 slope R1_R6.png
INFO     asdf.console:chatter.py:502 wrote SOL0086_SEQIDzcam03135_SITE4_DRIVE0_RMS92_ZOOM110 enhanced color R0R_R0G_R0B.png
INFO     asdf.console:chatter.py:502 wrote SOL0086_SEQIDzcam03135_SITE4_DRIVE0_RMS92_ZOOM110 dcs L2_L5_L6.png
INFO     asdf.console:chatter.py:502 wrote SOL0086_SEQIDzcam03135_SITE4_DRIVE0_RMS92_ZOOM110 dcs R6_R3_R1.png
INFO     asdf.console:chatter.py:502 wrote SOL0086_SEQIDzcam03135_SITE4_DRIVE0_RMS92_ZOOM110 band_depth L3 shoulders L4 L2 accent.png
INFO     asdf.console:chatter.py:502 wrote SOL0086_SEQIDzcam03135_SITE4_DRIVE0_RMS92_ZOOM110 slope R1_R6 accent.png
INFO     asdf.console:chatter.py:502 wrote SOL0086_SEQIDzcam03135_SITE4_DRIVE0_RMS92_ZOOM110 band_depth L3 shoulders L4 L2 rb accent.png
INFO     asdf.console:chatter.py:502 wrote SOL0086_SEQIDzcam03135_SITE4_DRIVE0_RMS92_ZOOM110 slope R1_R6 rb accent.png
INFO     asdf.console:chatter.py:502 wrote SOL0086_SEQIDzcam03135_SITE4_DRIVE0_RMS92_ZOOM110 band_depth L3 shoulders L4 L2 heatmap.png
INFO     asdf.console:chatter.py:502 wrote SOL0086_SEQIDzcam03135_SITE4_DRIVE0_RMS92_ZOOM110 slope R1_R6 heatmap.png
INFO     asdf.console:chatter.py:502 wrote SOL0086_SEQIDzcam03135_SITE4_DRIVE0_RMS92_ZOOM110 invariant dcs L0R_L0G_L0B.png
INFO     asdf.console:chatter.py:502 wrote SOL0086_SEQIDzcam03135_SITE4_DRIVE0_RMS92_ZOOM110 band_depth L3 shoulders L4 L2 viridis.png
INFO     asdf.console:chatter.py:502 wrote SOL0086_SEQIDzcam03135_SITE4_DRIVE0_RMS92_ZOOM110 slope R1_R6 viridis.png
INFO     marslab.imgops.bandset:bandset.py:324 generated context image left
INFO     marslab.imgops.bandset:bandset.py:324 generated context image right
INFO     asdf.console:chatter.py:502 wrote SOL0086_SEQIDzcam03135_SITE4_DRIVE0_RMS92_ZOOM110 context image left.png
INFO     asdf.console:chatter.py:502 wrote SOL0086_SEQIDzcam03135_SITE4_DRIVE0_RMS92_ZOOM110 context image right.png
INFO     asdf.console:chatter.py:502 wrote SOL0086_SEQIDzcam03135_SITE4_DRIVE0_RMS92_ZOOM110 pixmap context image L1.png
INFO     asdf.console:chatter.py:502 wrote SOL0086_SEQIDzcam03135_SITE4_DRIVE0_RMS92_ZOOM110 pixmap context image L2.png
INFO     asdf.console:chatter.py:502 wrote SOL0086_SEQIDzcam03135_SITE4_DRIVE0_RMS92_ZOOM110 pixmap context image L3.png
INFO     asdf.console:chatter.py:502 wrote SOL0086_SEQIDzcam03135_SITE4_DRIVE0_RMS92_ZOOM110 pixmap context image L4.png
INFO     asdf.console:chatter.py:502 wrote SOL0086_SEQIDzcam03135_SITE4_DRIVE0_RMS92_ZOOM110 pixmap context image L5.png
INFO     asdf.console:chatter.py:502 wrote SOL0086_SEQIDzcam03135_SITE4_DRIVE0_RMS92_ZOOM110 pixmap context image L6.png
INFO     asdf.console:chatter.py:502 wrote SOL0086_SEQIDzcam03135_SITE4_DRIVE0_RMS92_ZOOM110 pixmap context image L0.png
INFO     asdf.console:chatter.py:502 wrote SOL0086_SEQIDzcam03135_SITE4_DRIVE0_RMS92_ZOOM110 pixmap context image left.png
INFO     asdf.console:chatter.py:502 wrote SOL0086_SEQIDzcam03135_SITE4_DRIVE0_RMS92_ZOOM110 pixmap context image R1.png
INFO     asdf.console:chatter.py:502 wrote SOL0086_SEQIDzcam03135_SITE4_DRIVE0_RMS92_ZOOM110 pixmap context image R2.png
INFO     asdf.console:chatter.py:502 wrote SOL0086_SEQIDzcam03135_SITE4_DRIVE0_RMS92_ZOOM110 pixmap context image R3.png
INFO     asdf.console:chatter.py:502 wrote SOL0086_SEQIDzcam03135_SITE4_DRIVE0_RMS92_ZOOM110 pixmap context image R4.png
INFO     asdf.console:chatter.py:502 wrote SOL0086_SEQIDzcam03135_SITE4_DRIVE0_RMS92_ZOOM110 pixmap context image R5.png
INFO     asdf.console:chatter.py:502 wrote SOL0086_SEQIDzcam03135_SITE4_DRIVE0_RMS92_ZOOM110 pixmap context image R6.png
INFO     asdf.console:chatter.py:502 wrote SOL0086_SEQIDzcam03135_SITE4_DRIVE0_RMS92_ZOOM110 pixmap context image R0.png
INFO     asdf.console:chatter.py:502 wrote SOL0086_SEQIDzcam03135_SITE4_DRIVE0_RMS92_ZOOM110 pixmap context image right.png
=============================== warnings summary ===============================
asdf/tests/test_end_to_end.py::test_end_to_end_noninteractive[SOL0086_SEQIDzcam03135_RMS92-case0]
  <frozen importlib._bootstrap>:228: RuntimeWarning: numpy.ndarray size changed, may indicate binary incompatibility. Expected 80 from C header, got 88 from PyObject

-- Docs: https://docs.pytest.org/en/stable/warnings.html
=========================== short test summary info ============================
FAILED asdf/tests/test_end_to_end.py::test_end_to_end_noninteractive[SOL0086_SEQIDzcam03135_RMS92-case0]
============== 1 failed, 1 passed, 1 warning in 72.17s (0:01:12) ===============
